[0m14:08:27.728873 [debug] [MainThread]: Sending event: {'category': 'dbt', 'action': 'invocation', 'label': 'start', 'context': [<snowplow_tracker.self_describing_json.SelfDescribingJson object at 0x000000000718E000>, <snowplow_tracker.self_describing_json.SelfDescribingJson object at 0x00000000045F6810>, <snowplow_tracker.self_describing_json.SelfDescribingJson object at 0x0000000006C76390>]}


============================== 14:08:27.728873 | 6d4c07f0-0d34-46aa-8d89-b32377da9182 ==============================
[0m14:08:27.728873 [info ] [MainThread]: Running with dbt=1.11.11
[0m14:08:27.728873 [debug] [MainThread]: running dbt with arguments {'static_parser': 'True', 'no_print': 'None', 'version_check': 'True', 'target_path': 'None', 'warn_error_options': 'WarnErrorOptionsV2(error=[], warn=[], silence=[])', 'printer_width': '80', 'write_json': 'True', 'introspect': 'True', 'log_cache_events': 'False', 'empty': 'None', 'cache_selected_only': 'False', 'log_format': 'default', 'debug': 'False', 'fail_fast': 'False', 'profiles_dir': 'C:\\Users\\Admin\\.dbt', 'send_anonymous_usage_stats': 'True', 'quiet': 'False', 'warn_error': 'None', 'partial_parse': 'True', 'use_colors': 'True', 'indirect_selection': 'eager', 'invocation_command': 'dbt init fpa_pipeline', 'use_experimental_parser': 'False', 'log_path': 'logs'}
[0m14:08:27.751891 [info ] [MainThread]: Creating dbt configuration folder at C:\Users\Admin\.dbt
[0m14:08:27.755541 [debug] [MainThread]: Starter project path: C:\Users\Admin\fpa-variance-pipeline\dbt-venv\Lib\site-packages\dbt\include\starter_project
[0m14:08:27.766383 [info ] [MainThread]: 
Your new dbt project "fpa_pipeline" was created!

For more information on how to configure the profiles.yml file,
please consult the dbt documentation here:

  https://docs.getdbt.com/docs/configure-your-profile

One more thing:

Need help? Don't hesitate to reach out to us via GitHub issues or on Slack:

  https://community.getdbt.com/

Happy modeling!

[0m14:08:27.767383 [info ] [MainThread]: Setting up your profile.
[0m14:09:21.370487 [error] [MainThread]: Encountered an error:

[0m14:09:21.370487 [error] [MainThread]: Traceback (most recent call last):
  File "C:\Users\Admin\fpa-variance-pipeline\dbt-venv\Lib\site-packages\dbt\cli\requires.py", line 182, in wrapper
    result, success = func(*args, **kwargs)
                      ^^^^^^^^^^^^^^^^^^^^^
  File "C:\Users\Admin\fpa-variance-pipeline\dbt-venv\Lib\site-packages\dbt\cli\requires.py", line 128, in wrapper
    return func(*args, **kwargs)
           ^^^^^^^^^^^^^^^^^^^^^
  File "C:\Users\Admin\fpa-variance-pipeline\dbt-venv\Lib\site-packages\dbt\cli\main.py", line 488, in init
    results = task.run()
              ^^^^^^^^^^
  File "C:\Users\Admin\fpa-variance-pipeline\dbt-venv\Lib\site-packages\dbt\task\init.py", line 346, in run
    self.setup_profile(profile_name)
  File "C:\Users\Admin\fpa-variance-pipeline\dbt-venv\Lib\site-packages\dbt\task\init.py", line 262, in setup_profile
    self.create_profile_from_target(adapter, profile_name=profile_name)
  File "C:\Users\Admin\fpa-variance-pipeline\dbt-venv\Lib\site-packages\dbt\task\init.py", line 179, in create_profile_from_target
    self.create_profile_from_profile_template(profile_template, profile_name)
  File "C:\Users\Admin\fpa-variance-pipeline\dbt-venv\Lib\site-packages\dbt\task\init.py", line 163, in create_profile_from_profile_template
    target = self.generate_target_from_input(prompts, initial_target)
             ^^^^^^^^^^^^^^^^^^^^^^^^^^^^^^^^^^^^^^^^^^^^^^^^^^^^^^^^
  File "C:\Users\Admin\fpa-variance-pipeline\dbt-venv\Lib\site-packages\dbt\task\init.py", line 129, in generate_target_from_input
    target[key] = click.prompt(
                  ^^^^^^^^^^^^^
  File "C:\Users\Admin\fpa-variance-pipeline\dbt-venv\Lib\site-packages\click\termui.py", line 218, in prompt
    value = prompt_func(prompt)
            ^^^^^^^^^^^^^^^^^^^
  File "C:\Users\Admin\fpa-variance-pipeline\dbt-venv\Lib\site-packages\click\termui.py", line 201, in prompt_func
    raise Abort() from None
click.exceptions.Abort

[0m14:09:21.383701 [debug] [MainThread]: Command `dbt init` failed at 14:09:21.383701 after 53.79 seconds
[0m14:09:21.385800 [debug] [MainThread]: Sending event: {'category': 'dbt', 'action': 'invocation', 'label': 'end', 'context': [<snowplow_tracker.self_describing_json.SelfDescribingJson object at 0x0000000007389880>, <snowplow_tracker.self_describing_json.SelfDescribingJson object at 0x000000001B01A330>, <snowplow_tracker.self_describing_json.SelfDescribingJson object at 0x000000001B1CBBC0>]}
[0m14:09:21.386530 [debug] [MainThread]: Flushing usage events
[0m14:09:21.924908 [debug] [MainThread]: An error was encountered while trying to flush usage events
[0m14:10:41.846028 [debug] [MainThread]: Sending event: {'category': 'dbt', 'action': 'invocation', 'label': 'start', 'context': [<snowplow_tracker.self_describing_json.SelfDescribingJson object at 0x0000000003CBFC50>, <snowplow_tracker.self_describing_json.SelfDescribingJson object at 0x00000000077E3380>, <snowplow_tracker.self_describing_json.SelfDescribingJson object at 0x0000000004FC6330>]}


============================== 14:10:41.846028 | b2b85e73-e1b3-4db7-9bc1-f21ae5597638 ==============================
[0m14:10:41.846028 [info ] [MainThread]: Running with dbt=1.11.11
[0m14:10:41.846028 [debug] [MainThread]: running dbt with arguments {'version_check': 'True', 'no_print': 'None', 'static_parser': 'True', 'warn_error_options': 'WarnErrorOptionsV2(error=[], warn=[], silence=[])', 'target_path': 'None', 'printer_width': '80', 'write_json': 'True', 'empty': 'None', 'log_cache_events': 'False', 'introspect': 'True', 'cache_selected_only': 'False', 'log_format': 'default', 'debug': 'False', 'fail_fast': 'False', 'partial_parse': 'True', 'send_anonymous_usage_stats': 'True', 'quiet': 'False', 'warn_error': 'None', 'profiles_dir': 'C:\\Users\\Admin\\.dbt', 'use_colors': 'True', 'invocation_command': 'dbt init fpa_pipeline', 'indirect_selection': 'eager', 'use_experimental_parser': 'False', 'log_path': 'logs'}
[0m14:10:41.853018 [info ] [MainThread]: A project called fpa_pipeline already exists here.
[0m14:10:41.853018 [debug] [MainThread]: Command `dbt init` succeeded at 14:10:41.853018 after 0.14 seconds
[0m14:10:41.863801 [debug] [MainThread]: Sending event: {'category': 'dbt', 'action': 'invocation', 'label': 'end', 'context': [<snowplow_tracker.self_describing_json.SelfDescribingJson object at 0x0000000007298F20>, <snowplow_tracker.self_describing_json.SelfDescribingJson object at 0x0000000007234CB0>, <snowplow_tracker.self_describing_json.SelfDescribingJson object at 0x0000000007237860>]}
[0m14:10:41.864611 [debug] [MainThread]: Flushing usage events
[0m14:10:42.156232 [debug] [MainThread]: An error was encountered while trying to flush usage events
